--- Copying files at Sat Nov 25 07:56:00 UTC 2023
--- Copying files at Sat Nov 25 08:02:56 UTC 2023
--- Copying files at Sat Nov 25 08:18:04 UTC 2023
--- Copying files at Sat Nov 25 08:26:06 UTC 2023
--- Copying files at Sat Nov 25 09:03:23 UTC 2023
--- Copying files at Sat Nov 25 12:41:10 UTC 2023
--- Copying files at Sat Nov 25 13:23:15 UTC 2023
--- Copying files at Sat Nov 25 16:02:37 UTC 2023
--- Copying files at Sat Nov 25 18:14:32 UTC 2023
--- Copying files at Sat Nov 25 19:02:26 UTC 2023
--- Copying files at Sat Nov 25 21:19:06 UTC 2023
--- Copying files at Thu Dec  7 21:29:12 UTC 2023
--- Copying files at Fri Dec  8 00:05:30 UTC 2023
--- Copying files at Fri Dec  8 02:15:17 UTC 2023
--- Copying files at Fri Dec  8 02:45:17 UTC 2023
--- Copying files at Wed Dec 13 22:35:18 UTC 2023
--- Copying files at Thu Dec 14 05:08:47 UTC 2023
--- Copying files at Thu Dec 14 05:21:33 UTC 2023
--- Copying files at Wed Jan 10 09:23:09 UTC 2024
--- Copying files at Mon Jan 15 06:37:02 UTC 2024
--- Copying files at Mon Jan 15 12:24:55 UTC 2024
--- Copying files at Mon Jan 15 13:07:51 UTC 2024
--- Copying files at Mon Jan 15 13:11:20 UTC 2024
--- Copying files at Tue Jan 16 00:31:29 UTC 2024
--- Copying files at Tue Jan 16 00:34:25 UTC 2024
--- Copying files at Fri Jan 26 14:36:25 UTC 2024
--- Copying files at Sat Jan 27 07:45:17 UTC 2024
--- Copying files at Sat Feb 17 00:26:54 UTC 2024
