Started at Sat Feb 17 00:48:54 UTC 2024
Processing ansible-play
Offering ansible-play to Project Build Discarder
Processing ansible-user-db
Offering ansible-user-db to Project Build Discarder
Processing ansible_user_db_dsl_example
Offering ansible_user_db_dsl_example to Project Build Discarder
Processing ENV
Offering ENV to Project Build Discarder
Processing first-job
Offering first-job to Project Build Discarder
Processing job-dsl
Offering job-dsl to Project Build Discarder
Processing job_dsl_created
Offering job_dsl_created to Project Build Discarder
Processing job_dsl_example
Offering job_dsl_example to Project Build Discarder
Processing maven-job
Offering maven-job to Project Build Discarder
Processing maven_dsl
Offering maven_dsl to Project Build Discarder
Processing pipeline
Offering pipeline to Project Build Discarder
Processing remote-task
Offering remote-task to Project Build Discarder
Finished at Sat Feb 17 00:48:55 UTC 2024. 348ms
Started at Sat Feb 17 01:48:54 UTC 2024
Processing ansible-play
Offering ansible-play to Project Build Discarder
Processing ansible-user-db
Offering ansible-user-db to Project Build Discarder
Processing ansible_user_db_dsl_example
Offering ansible_user_db_dsl_example to Project Build Discarder
Processing ENV
Offering ENV to Project Build Discarder
Processing first-job
Offering first-job to Project Build Discarder
Processing job-dsl
Offering job-dsl to Project Build Discarder
Processing job_dsl_created
Offering job_dsl_created to Project Build Discarder
Processing job_dsl_example
Offering job_dsl_example to Project Build Discarder
Processing maven-job
Offering maven-job to Project Build Discarder
Processing maven_dsl
Offering maven_dsl to Project Build Discarder
Processing pipeline
Offering pipeline to Project Build Discarder
Processing remote-task
Offering remote-task to Project Build Discarder
Finished at Sat Feb 17 01:48:54 UTC 2024. 121ms
Started at Sat Feb 17 02:48:54 UTC 2024
Processing ansible-play
Offering ansible-play to Project Build Discarder
Processing ansible-user-db
Offering ansible-user-db to Project Build Discarder
Processing ansible_user_db_dsl_example
Offering ansible_user_db_dsl_example to Project Build Discarder
Processing ENV
Offering ENV to Project Build Discarder
Processing first-job
Offering first-job to Project Build Discarder
Processing job-dsl
Offering job-dsl to Project Build Discarder
Processing job_dsl_created
Offering job_dsl_created to Project Build Discarder
Processing job_dsl_example
Offering job_dsl_example to Project Build Discarder
Processing maven-job
Offering maven-job to Project Build Discarder
Processing maven_dsl
Offering maven_dsl to Project Build Discarder
Processing pipeline
Offering pipeline to Project Build Discarder
Processing remote-task
Offering remote-task to Project Build Discarder
Finished at Sat Feb 17 02:48:54 UTC 2024. 25ms
Started at Sat Feb 17 03:48:54 UTC 2024
Processing ansible-play
Offering ansible-play to Project Build Discarder
Processing ansible-user-db
Offering ansible-user-db to Project Build Discarder
Processing ansible_user_db_dsl_example
Offering ansible_user_db_dsl_example to Project Build Discarder
Processing ENV
Offering ENV to Project Build Discarder
Processing first-job
Offering first-job to Project Build Discarder
Processing job-dsl
Offering job-dsl to Project Build Discarder
Processing job_dsl_created
Offering job_dsl_created to Project Build Discarder
Processing job_dsl_example
Offering job_dsl_example to Project Build Discarder
Processing maven-job
Offering maven-job to Project Build Discarder
Processing maven_dsl
Offering maven_dsl to Project Build Discarder
Processing pipeline
Offering pipeline to Project Build Discarder
Processing remote-task
Offering remote-task to Project Build Discarder
Finished at Sat Feb 17 03:48:54 UTC 2024. 39ms
Started at Sat Feb 17 04:48:54 UTC 2024
Processing ansible-play
Offering ansible-play to Project Build Discarder
Processing ansible-user-db
Offering ansible-user-db to Project Build Discarder
Processing ansible_user_db_dsl_example
Offering ansible_user_db_dsl_example to Project Build Discarder
Processing ENV
Offering ENV to Project Build Discarder
Processing first-job
Offering first-job to Project Build Discarder
Processing job-dsl
Offering job-dsl to Project Build Discarder
Processing job_dsl_created
Offering job_dsl_created to Project Build Discarder
Processing job_dsl_example
Offering job_dsl_example to Project Build Discarder
Processing maven-job
Offering maven-job to Project Build Discarder
Processing maven_dsl
Offering maven_dsl to Project Build Discarder
Processing pipeline
Offering pipeline to Project Build Discarder
Processing remote-task
Offering remote-task to Project Build Discarder
Finished at Sat Feb 17 04:48:54 UTC 2024. 16ms
Started at Sat Feb 17 05:48:54 UTC 2024
Processing ansible-play
Offering ansible-play to Project Build Discarder
Processing ansible-user-db
Offering ansible-user-db to Project Build Discarder
Processing ansible_user_db_dsl_example
Offering ansible_user_db_dsl_example to Project Build Discarder
Processing ENV
Offering ENV to Project Build Discarder
Processing first-job
Offering first-job to Project Build Discarder
Processing job-dsl
Offering job-dsl to Project Build Discarder
Processing job_dsl_created
Offering job_dsl_created to Project Build Discarder
Processing job_dsl_example
Offering job_dsl_example to Project Build Discarder
Processing maven-job
Offering maven-job to Project Build Discarder
Processing maven_dsl
Offering maven_dsl to Project Build Discarder
Processing pipeline
Offering pipeline to Project Build Discarder
Processing remote-task
Offering remote-task to Project Build Discarder
Finished at Sat Feb 17 05:48:54 UTC 2024. 99ms
Started at Sat Feb 17 06:48:54 UTC 2024
Processing ansible-play
Offering ansible-play to Project Build Discarder
Processing ansible-user-db
Offering ansible-user-db to Project Build Discarder
Processing ansible_user_db_dsl_example
Offering ansible_user_db_dsl_example to Project Build Discarder
Processing ENV
Offering ENV to Project Build Discarder
Processing first-job
Offering first-job to Project Build Discarder
Processing job-dsl
Offering job-dsl to Project Build Discarder
Processing job_dsl_created
Offering job_dsl_created to Project Build Discarder
Processing job_dsl_example
Offering job_dsl_example to Project Build Discarder
Processing maven-job
Offering maven-job to Project Build Discarder
Processing maven_dsl
Offering maven_dsl to Project Build Discarder
Processing pipeline
Offering pipeline to Project Build Discarder
Processing remote-task
Offering remote-task to Project Build Discarder
Finished at Sat Feb 17 06:48:54 UTC 2024. 132ms
Started at Sat Feb 17 07:48:54 UTC 2024
Processing ansible-play
Offering ansible-play to Project Build Discarder
Processing ansible-user-db
Offering ansible-user-db to Project Build Discarder
Processing ansible_user_db_dsl_example
Offering ansible_user_db_dsl_example to Project Build Discarder
Processing ENV
Offering ENV to Project Build Discarder
Processing first-job
Offering first-job to Project Build Discarder
Processing job-dsl
Offering job-dsl to Project Build Discarder
Processing job_dsl_created
Offering job_dsl_created to Project Build Discarder
Processing job_dsl_example
Offering job_dsl_example to Project Build Discarder
Processing maven-job
Offering maven-job to Project Build Discarder
Processing maven_dsl
Offering maven_dsl to Project Build Discarder
Processing pipeline
Offering pipeline to Project Build Discarder
Processing remote-task
Offering remote-task to Project Build Discarder
Finished at Sat Feb 17 07:48:54 UTC 2024. 16ms
Started at Sat Feb 17 08:48:54 UTC 2024
Processing ansible-play
Offering ansible-play to Project Build Discarder
Processing ansible-user-db
Offering ansible-user-db to Project Build Discarder
Processing ansible_user_db_dsl_example
Offering ansible_user_db_dsl_example to Project Build Discarder
Processing ENV
Offering ENV to Project Build Discarder
Processing first-job
Offering first-job to Project Build Discarder
Processing job-dsl
Offering job-dsl to Project Build Discarder
Processing job_dsl_created
Offering job_dsl_created to Project Build Discarder
Processing job_dsl_example
Offering job_dsl_example to Project Build Discarder
Processing maven-job
Offering maven-job to Project Build Discarder
Processing maven_dsl
Offering maven_dsl to Project Build Discarder
Processing pipeline
Offering pipeline to Project Build Discarder
Processing remote-task
Offering remote-task to Project Build Discarder
Finished at Sat Feb 17 08:48:54 UTC 2024. 55ms
Started at Sat Feb 17 09:48:54 UTC 2024
Processing ansible-play
Offering ansible-play to Project Build Discarder
Processing ansible-user-db
Offering ansible-user-db to Project Build Discarder
Processing ansible_user_db_dsl_example
Offering ansible_user_db_dsl_example to Project Build Discarder
Processing ENV
Offering ENV to Project Build Discarder
Processing first-job
Offering first-job to Project Build Discarder
Processing job-dsl
Offering job-dsl to Project Build Discarder
Processing job_dsl_created
Offering job_dsl_created to Project Build Discarder
Processing job_dsl_example
Offering job_dsl_example to Project Build Discarder
Processing maven-job
Offering maven-job to Project Build Discarder
Processing maven_dsl
Offering maven_dsl to Project Build Discarder
Processing pipeline
Offering pipeline to Project Build Discarder
Processing remote-task
Offering remote-task to Project Build Discarder
Finished at Sat Feb 17 09:48:54 UTC 2024. 57ms
